<?xml version="1.0" encoding="UTF-8"?>
<robot generator="Robot 7.0.1 (Python 3.12.2 on win32)" generated="2024-08-09T04:45:05.911194" rpa="false" schemaversion="5">
<suite id="s1" name="GET EMPRESA" source="C:\Users\Emanuelle Vieira\Desktop\robot-qacoders\COMPANY\Tests\GET_EMPRESA.robot">
<kw name="Pre Test" type="SETUP">
<kw name="Create new session">
<kw name="Create Dictionary" owner="BuiltIn">
<msg time="2024-08-09T04:45:09.244135" level="INFO">${headers} = {'accept': 'application/json', 'Content-Type': 'application/json'}</msg>
<var>${headers}</var>
<arg>accept=application/json</arg>
<arg>Content-Type=application/json</arg>
<doc>Creates and returns a dictionary based on the given ``items``.</doc>
<status status="PASS" start="2024-08-09T04:45:09.243628" elapsed="0.000507"/>
</kw>
<kw name="Create Session" owner="RequestsLibrary">
<msg time="2024-08-09T04:45:09.264419" level="INFO">Creating Session using : alias=develop, url=https://suits.qacoders-academy.com.br/api/, headers={'accept': 'application/json', 'Content-Type': 'application/json'},                     cookies={}, auth=None, timeout=None, proxies=None, verify=True,                     debug=0 </msg>
<arg>alias=develop</arg>
<arg>url=${baseURL}</arg>
<arg>headers=${headers}</arg>
<arg>verify=true</arg>
<doc>Create Session: create a HTTP session to a server</doc>
<status status="PASS" start="2024-08-09T04:45:09.244135" elapsed="0.020284"/>
</kw>
<status status="PASS" start="2024-08-09T04:45:09.242558" elapsed="0.021861"/>
</kw>
<kw name="Login Admin">
<kw name="Create Dictionary" owner="BuiltIn">
<msg time="2024-08-09T04:45:09.265440" level="INFO">${body} = {'mail': 'sysadmin@qacoders.com', 'password': '1234@Test'}</msg>
<var>${body}</var>
<arg>mail=sysadmin@qacoders.com</arg>
<arg>password=1234@Test</arg>
<doc>Creates and returns a dictionary based on the given ``items``.</doc>
<status status="PASS" start="2024-08-09T04:45:09.265440" elapsed="0.001003"/>
</kw>
<kw name="Create new session">
<kw name="Create Dictionary" owner="BuiltIn">
<msg time="2024-08-09T04:45:09.266443" level="INFO">${headers} = {'accept': 'application/json', 'Content-Type': 'application/json'}</msg>
<var>${headers}</var>
<arg>accept=application/json</arg>
<arg>Content-Type=application/json</arg>
<doc>Creates and returns a dictionary based on the given ``items``.</doc>
<status status="PASS" start="2024-08-09T04:45:09.266443" elapsed="0.000000"/>
</kw>
<kw name="Create Session" owner="RequestsLibrary">
<msg time="2024-08-09T04:45:09.267440" level="INFO">Creating Session using : alias=develop, url=https://suits.qacoders-academy.com.br/api/, headers={'accept': 'application/json', 'Content-Type': 'application/json'},                     cookies={}, auth=None, timeout=None, proxies=None, verify=True,                     debug=0 </msg>
<arg>alias=develop</arg>
<arg>url=${baseURL}</arg>
<arg>headers=${headers}</arg>
<arg>verify=true</arg>
<doc>Create Session: create a HTTP session to a server</doc>
<status status="PASS" start="2024-08-09T04:45:09.266443" elapsed="0.000997"/>
</kw>
<status status="PASS" start="2024-08-09T04:45:09.266443" elapsed="0.000997"/>
</kw>
<kw name="POST On Session" owner="RequestsLibrary">
<msg time="2024-08-09T04:45:10.863112" level="INFO">POST Request : url=https://suits.qacoders-academy.com.br/api/login 
 path_url=/api/login 
 headers={'User-Agent': 'python-requests/2.32.3', 'Accept-Encoding': 'gzip, deflate', 'accept': 'application/json', 'Connection': 'keep-alive', 'Content-Type': 'application/json', 'Content-Length': '58'} 
 body=b'{"mail": "sysadmin@qacoders.com", "password": "1234@Test"}' 
 </msg>
<msg time="2024-08-09T04:45:10.863112" level="INFO">POST Response : url=https://suits.qacoders-academy.com.br/api/login 
 status=200, reason=OK 
 headers={'Server': 'nginx/1.18.0 (Ubuntu)', 'Date': 'Fri, 09 Aug 2024 07:46:06 GMT', 'Content-Type': 'application/json; charset=utf-8', 'Transfer-Encoding': 'chunked', 'Connection': 'keep-alive', 'X-Powered-By': 'Express', 'Access-Control-Allow-Origin': '*', 'Access-Control-Allow-Methods': 'GET, POST, OPTIONS, PUT, PATCH, DELETE', 'Access-Control-Allow-Headers': 'Origin, X-Requested-With, Content-Type, Accept, Authorization', 'ETag': 'W/"534-bv25TCK3HO7eJ+EJfssf0VhAnhc"', 'Content-Encoding': 'gzip'} 
 body={"msg":"Olá Qa-Coders-SYSADMIN, autenticação autorizada com sucesso!","user":{"_id":"65330b9c418402904ec7a7de","fullName":"Qa-Coders-SYSADMIN","mail":"sysadmin@qacoders.com","password":"$2b$10$70ZlbM9F6o3NwEk618mEXukrs7p7Ir3Y.GhHbqOgZ2CrpEfcomR3O","accessProfile":"SYSADMIN","cpf":"11111111111","status":true,"audit":[{"registeredBy":{"userId":"111111111111111111","userLogin":"sysadmin@qacoders.com"},"registrationDate":"sexta-feira, 20/10/2023, 20:22:04 BRT","registrationNumber":"01","companyId":"Qa.Coders","_id":"65330b9c418402904ec7a7df"}],"__v":0},"token":"eyJhbGciOiJIUzI1NiIsInR5cCI6IkpXVCJ9.eyJfaWQiOiI2NTMzMGI5YzQxODQwMjkwNGVjN2E3ZGUiLCJmdWxsTmFtZSI6IlFhLUNvZGVycy1TWVNBRE1JTiIsIm1haWwiOiJzeXNhZG1pbkBxYWNvZGVycy5jb20iLCJwYXNzd29yZCI6IiQyYiQxMCQ3MFpsYk05RjZvM053RWs2MThtRVh1a3JzN3A3SXIzWS5HaEhicU9nWjJDcnBFZmNvbVIzTyIsImFjY2Vzc1Byb2ZpbGUiOiJTWVNBRE1JTiIsImNwZiI6IjExMTExMTExMTExIiwic3RhdHVzIjp0cnVlLCJhdWRpdCI6W3sicmVnaXN0ZXJlZEJ5Ijp7InVzZXJJZCI6IjExMTExMTExMTExMTExMTExMSIsInVzZXJMb2dpbiI6InN5c2FkbWluQHFhY29kZXJzLmNvbSJ9LCJyZWdpc3RyYXRpb25EYXRlIjoic2V4dGEtZmVpcmEsIDIwLzEwLzIwMjMsIDIwOjIyOjA0IEJSVCIsInJlZ2lzdHJhdGlvbk51bWJlciI6IjAxIiwiY29tcGFueUlkIjoiUWEuQ29kZXJzIiwiX2lkIjoiNjUzMzBiOWM0MTg0MDI5MDRlYzdhN2RmIn1dLCJfX3YiOjAsImlhdCI6MTcyMzE4OTU2NSwiZXhwIjoxNzIzMjc1OTY1fQ.2DCXIyXtCZFVyedy9tHHrQwD7tJa3BMyocHfhvjE9F4"} 
 </msg>
<msg time="2024-08-09T04:45:10.863112" level="INFO">${response} = &lt;Response [200]&gt;</msg>
<var>${response}</var>
<arg>alias=develop</arg>
<arg>url=/login</arg>
<arg>json=${body}</arg>
<doc>Sends a POST request on a previously created HTTP Session.</doc>
<status status="PASS" start="2024-08-09T04:45:09.267440" elapsed="1.595672"/>
</kw>
<kw name="Set Global Variable" owner="BuiltIn">
<msg time="2024-08-09T04:45:10.863112" level="INFO">${TOKEN} = eyJhbGciOiJIUzI1NiIsInR5cCI6IkpXVCJ9.eyJfaWQiOiI2NTMzMGI5YzQxODQwMjkwNGVjN2E3ZGUiLCJmdWxsTmFtZSI6IlFhLUNvZGVycy1TWVNBRE1JTiIsIm1haWwiOiJzeXNhZG1pbkBxYWNvZGVycy5jb20iLCJwYXNzd29yZCI6IiQyYiQxMCQ3MFpsYk0...</msg>
<arg>${TOKEN}</arg>
<arg>${response.json()["token"]}</arg>
<doc>Makes a variable available globally in all tests and suites.</doc>
<status status="PASS" start="2024-08-09T04:45:10.863112" elapsed="0.000000"/>
</kw>
<status status="PASS" start="2024-08-09T04:45:09.264419" elapsed="1.598693"/>
</kw>
<kw name="Get ID">
<kw name="GET On Session" owner="RequestsLibrary">
<msg time="2024-08-09T04:45:11.706692" level="INFO">GET Request : url=https://suits.qacoders-academy.com.br/api/company/?token=eyJhbGciOiJIUzI1NiIsInR5cCI6IkpXVCJ9.eyJfaWQiOiI2NTMzMGI5YzQxODQwMjkwNGVjN2E3ZGUiLCJmdWxsTmFtZSI6IlFhLUNvZGVycy1TWVNBRE1JTiIsIm1haWwiOiJzeXNhZG1pbkBxYWNvZGVycy5jb20iLCJwYXNzd29yZCI6IiQyYiQxMCQ3MFpsYk05RjZvM053RWs2MThtRVh1a3JzN3A3SXIzWS5HaEhicU9nWjJDcnBFZmNvbVIzTyIsImFjY2Vzc1Byb2ZpbGUiOiJTWVNBRE1JTiIsImNwZiI6IjExMTExMTExMTExIiwic3RhdHVzIjp0cnVlLCJhdWRpdCI6W3sicmVnaXN0ZXJlZEJ5Ijp7InVzZXJJZCI6IjExMTExMTExMTExMTExMTExMSIsInVzZXJMb2dpbiI6InN5c2FkbWluQHFhY29kZXJzLmNvbSJ9LCJyZWdpc3RyYXRpb25EYXRlIjoic2V4dGEtZmVpcmEsIDIwLzEwLzIwMjMsIDIwOjIyOjA0IEJSVCIsInJlZ2lzdHJhdGlvbk51bWJlciI6IjAxIiwiY29tcGFueUlkIjoiUWEuQ29kZXJzIiwiX2lkIjoiNjUzMzBiOWM0MTg0MDI5MDRlYzdhN2RmIn1dLCJfX3YiOjAsImlhdCI6MTcyMzE4OTU2NSwiZXhwIjoxNzIzMjc1OTY1fQ.2DCXIyXtCZFVyedy9tHHrQwD7tJa3BMyocHfhvjE9F4 
 path_url=/api/company/?token=eyJhbGciOiJIUzI1NiIsInR5cCI6IkpXVCJ9.eyJfaWQiOiI2NTMzMGI5YzQxODQwMjkwNGVjN2E3ZGUiLCJmdWxsTmFtZSI6IlFhLUNvZGVycy1TWVNBRE1JTiIsIm1haWwiOiJzeXNhZG1pbkBxYWNvZGVycy5jb20iLCJwYXNzd29yZCI6IiQyYiQxMCQ3MFpsYk05RjZvM053RWs2MThtRVh1a3JzN3A3SXIzWS5HaEhicU9nWjJDcnBFZmNvbVIzTyIsImFjY2Vzc1Byb2ZpbGUiOiJTWVNBRE1JTiIsImNwZiI6IjExMTExMTExMTExIiwic3RhdHVzIjp0cnVlLCJhdWRpdCI6W3sicmVnaXN0ZXJlZEJ5Ijp7InVzZXJJZCI6IjExMTExMTExMTExMTExMTExMSIsInVzZXJMb2dpbiI6InN5c2FkbWluQHFhY29kZXJzLmNvbSJ9LCJyZWdpc3RyYXRpb25EYXRlIjoic2V4dGEtZmVpcmEsIDIwLzEwLzIwMjMsIDIwOjIyOjA0IEJSVCIsInJlZ2lzdHJhdGlvbk51bWJlciI6IjAxIiwiY29tcGFueUlkIjoiUWEuQ29kZXJzIiwiX2lkIjoiNjUzMzBiOWM0MTg0MDI5MDRlYzdhN2RmIn1dLCJfX3YiOjAsImlhdCI6MTcyMzE4OTU2NSwiZXhwIjoxNzIzMjc1OTY1fQ.2DCXIyXtCZFVyedy9tHHrQwD7tJa3BMyocHfhvjE9F4 
 headers={'User-Agent': 'python-requests/2.32.3', 'Accept-Encoding': 'gzip, deflate', 'accept': 'application/json', 'Connection': 'keep-alive', 'Content-Type': 'application/json'} 
 body=None 
 </msg>
<msg time="2024-08-09T04:45:11.706692" level="INFO">GET Response : url=https://suits.qacoders-academy.com.br/api/company/?token=eyJhbGciOiJIUzI1NiIsInR5cCI6IkpXVCJ9.eyJfaWQiOiI2NTMzMGI5YzQxODQwMjkwNGVjN2E3ZGUiLCJmdWxsTmFtZSI6IlFhLUNvZGVycy1TWVNBRE1JTiIsIm1haWwiOiJzeXNhZG1pbkBxYWNvZGVycy5jb20iLCJwYXNzd29yZCI6IiQyYiQxMCQ3MFpsYk05RjZvM053RWs2MThtRVh1a3JzN3A3SXIzWS5HaEhicU9nWjJDcnBFZmNvbVIzTyIsImFjY2Vzc1Byb2ZpbGUiOiJTWVNBRE1JTiIsImNwZiI6IjExMTExMTExMTExIiwic3RhdHVzIjp0cnVlLCJhdWRpdCI6W3sicmVnaXN0ZXJlZEJ5Ijp7InVzZXJJZCI6IjExMTExMTExMTExMTExMTExMSIsInVzZXJMb2dpbiI6InN5c2FkbWluQHFhY29kZXJzLmNvbSJ9LCJyZWdpc3RyYXRpb25EYXRlIjoic2V4dGEtZmVpcmEsIDIwLzEwLzIwMjMsIDIwOjIyOjA0IEJSVCIsInJlZ2lzdHJhdGlvbk51bWJlciI6IjAxIiwiY29tcGFueUlkIjoiUWEuQ29kZXJzIiwiX2lkIjoiNjUzMzBiOWM0MTg0MDI5MDRlYzdhN2RmIn1dLCJfX3YiOjAsImlhdCI6MTcyMzE4OTU2NSwiZXhwIjoxNzIzMjc1OTY1fQ.2DCXIyXtCZFVyedy9tHHrQwD7tJa3BMyocHfhvjE9F4 
 status=200, reason=OK 
 headers={'Server': 'nginx/1.18.0 (Ubuntu)', 'Date': 'Fri, 09 Aug 2024 07:46:06 GMT', 'Content-Type': 'application/json; charset=utf-8', 'Transfer-Encoding': 'chunked', 'Connection': 'keep-alive', 'X-Powered-By': 'Express', 'Access-Control-Allow-Origin': '*', 'Access-Control-Allow-Methods': 'GET, POST, OPTIONS, PUT, PATCH, DELETE', 'Access-Control-Allow-Headers': 'Origin, X-Requested-With, Content-Type, Accept, Authorization', 'ETag': 'W/"10ed7f-AQ/VEkBGdqO0NCAT35FAOo6aIP0"', 'Content-Encoding': 'gzip'} 
 body=[{"_id":"656778ea2e50a1709ef7230c","corporateName":"Teste do Teste","registerCompany":"12126456000155","responsibleContact":"Marcio","mail":"test@test.com","telephone":"99999999999999","serviceDescription":"Testes","matriz":"Teste","status":true,"address":[{"country":"Brasil","zipCode":"04777001","city":"São Paulo","state":"SP","district":"Rua das Flores","street":"Avenida Interlagos","number":"50","complement":"de 4503 ao fim - lado ímpar","_id":"656778ea2e50a1709ef7230d"}],"audit":[{"registeredBy":{"userId":"65330b9c418402904ec7a7de","userLogin":"sysadmin@qacoders.com"},"registrationDate":"quarta-feira, 29/11/2023, 14:46:18 BRT","_id":"656778ea2e50a1709ef7230e"}],"__v":0},{"_id":"656889962e50a1709ef72314","corporateName":"Teste do Teste2","registerCompany":"12126456000156","responsibleContact":"Marcio","mail":"test@test.com","telephone":"99999999999999","serviceDescription":"Testes","matriz":"Teste","status":true,"address":[{"country":"Brasil","zipCode":"04777001","city":"São Paulo","state":"SP","district":"Rua das Flores","street":"Avenida Interlagos","number":"50","complement":"de 4503 ao fim - lado ímpar","_id":"656889962e50a1709ef72315"}],"audit":[{"registeredBy":{"userId":"65330b9c418402904ec7a7de","userLogin":"sysadmin@qacoders.com"},"registrationDate":"quinta-feira, 30/11/2023, 10:09:42 BRT","_id":"656889962e50a1709ef72316"}],"__v":0},{"_id":"6568c7322e50a1709ef72366","corporateName":"Teste do Teste","registerCompany":"12126456000157","responsibleContact":"Marcio","mail":"test@test.com","telephone":"99999999999999","serviceDescription":"Testes","matriz":"Teste","status":true,"address":[{"country":"Brasil","zipCode":"04777001","city":"São Paulo","state":"SP","district":"Rua das Flores","street":"Avenida Interlagos","number":"50","complement":"de 4503 ao fim - lado ímpar","_id":"6568c7322e50a1709ef72367"}],"audit":[{"registeredBy":{"userId":"65330b9c418402904ec7a7de","userLogin":"sysadmin@qacoders.com"},"registrationDate":"quinta-feira, 30/11/2023, 14:32:34 BRT","_id":"6568c7322e50a1709ef72368"}],"__v":0},{"_id":"6569d7942e50a1709ef723e6","corporateName":"Teste do Teste","registerCompany":"12126456000158","responsibleContact":"Marcio","mail":"test@test.com","telephone":"99999999999999","serviceDescription":"Testes","matriz":"Teste","status":true,"address":[{"country":"Brasil","zipCode":"04777001","city":"São Paulo","state":"SP","district":"Rua das Flores","street":"Avenida Interlagos","number":"50","complement":"de 4503 ao fim - lado ímpar","_id":"6569d7942e50a1709ef723e7"}],"audit":[{"registeredBy":{"userId":"65330b9c418402904ec7a7de","userLogin":"sysadmin@qacoders.com"},"registrationDate":"sexta-feira, 01/12/2023, 09:54:44 BRT","_id":"6569d7942e50a1709ef723e8"}],"__v":0},{"_id":"656b2a3c2e50a1709ef729c1","corporateName":"Teste do Teste","registerCompany":"12126456000160","responsibleContact":"Marcio","mail":"test@test.com","telephone":"99999999999999","serviceDescription":"Testes","matriz":"Teste","status":true,"address":[{"country":"Brasil","zipCode":"04777001","city":"São Paulo","state":"SP","district":"Rua das Flores","street":"Avenida Interlagos","number":"50","complement":"de 4503 ao fim - lado ímpar","_id":"656b2a3c2e50a1709ef729c2"}],"audit":[{"registeredBy":{"userId":"65330b9c418402904ec7a7de","userLogin":"sysadmin@qacoders.com"},"registrationDate":"sábado, 02/12/2023, 09:59:40 BRT","_id":"656b2a3c2e50a1709ef729c3"}],"__v":0},{"_id":"656b6b422e50a1709ef729dc","corporateName":"Langworth and Sons","registerCompany":"44843431268965","responsibleContact":"Liam","mail":"liammonteiro@suits.com.br","telephone":"113531141497452","serviceDescription":"experiences","matriz":"Marquardt and SonsGroup","status":true,"address":[{"country":"Lebanon","zipCode":"33329766","city":"Kirlinland","state":"PB","district":"Santa Teresa","street":"Keeling Streets","number":"68","complement":"85627 Kiehn Union","_id":"656b6b422e50a1709ef729dd"}],"audit":[{"registeredBy":{"userId":"65330b9c418402904ec7a7de","userLogin":"sysadmin@qacoders.com"},"registrationDate":"sábado, 02/12/2023, 14:37:06 BRT","_id":"656b6b422e50a1709ef729de"}],"__v":0},{"_id":"656b99472e50a1709ef729ec","corporateName":"Carnes Peres","registerCompany":"74633764270450","responsibleContact":"Olga Rodrigues","mail":"antonionovaes@outlook.com","telephone":"137427249930749","serviceDescription":"Troca de óleo","matriz":"MM Sales","status":true,"address":[{"country":"{{country}}","zipCode":"66224572","city":"Rio Claro","state":"MT","district":"Vila Pires","street":"Rua Servidor","number":"401","complement":"de 603 ao fim - lado par","_id":"656b99472e50a1709ef729ed"}],"audit":[{"registeredBy":{"userId":"65330b9c418402904ec7a7de","userLogin":"sysadmin@qacoders.com"},"registrationDate":"sábado, 02/12/2023, 17:53:27 BRT","_id":"656b99472e50a1709ef729ee"}],"__v":0},{"_id":"656b995c2e50a1709ef729f1","corporateName":"Lacto  More","registerCompany":"19353310902154","responsibleContact":"Carlos Hoovy","mail":"antonionovaes@outlook.com","telephone":"375902324123265","serviceDescription":"Troca da homocinética","matriz":"Pizzaria Nunes","status":true,"address":[{"country":"{{country}}","zipCode":"02767784","city":"Campinas","state":"BA","district":"Bairro Castelo","street":"Rua Servidor","number":"4216498905","complement":"de 5030 ao fim - lado ímpar","_id":"656b995c2e50a1709ef729f2"}],"audit":[{"registeredBy":{"userId":"65330b9c418402904ec7a7de","userLogin":"sysadmin@qacoders.com"},"registrationDate":"sábado, 02/12/2023, 17:53:48 BRT","_id":"656b995c2e50a1709ef729f3"}],"__v":0},{"_id":"656b99cd2e50a1709ef729f6","corporateName":"Inovare","registerCompany":"15594200106540","responsibleContact":"15594200106540","mail":"98b3a687-7038-494e-96ad-7210ba8843b5-Inovare@qacoders-treinamento.com","telephone":"99999999999999","serviceDescription":"Testes","matriz":"Teste","status":true,"address":[{"country":"{{country}}","zipCode":"13721981","city":"Rio Preto","state":"AM","district":"Bairro Tiradentes","street":"Avenida Consolação","number":"4","complement":"de 8903 ao fim - lado ímpar","_id":"656b99cd2e50a1709ef729f7"}],"audit":[{"registeredBy":{"userId":"65330b9c418402904ec7a7de","userLogin":"sysadmin@qacoders.com"},"registrationDate":"sábado, 02/12/2023, 17:55:41 BRT","_id":"656b99cd2e50a1709ef729f8"},{"updatedBy":{"userId":"65330b9c418402904ec7a7de","userLogin":"sysadmin@qacoders.com"},"updateDate":"quarta-feira, 06/12/2023, 15:55:48 BRT","_id":"6570c3b4f0da289e3ab8bc8f"}],"__v":0},{"_id":"656b9b062e50a1709ef729fb","corporateName":"Estacionamento Hoovy","registerCompany":"06977980623489","responsibleContact":"Caio Rodrigues","mail":"estacionamentohoovy@icloud.com","telephone":"221813680335324","serviceDescription":"Troca dos pivôs","matriz":"Telhas Door","status":true,"address":[{"country":"França","zipCode":"41918464","city":"Rio Claro","state":"GO","district":"Vila Cruz","street":"Rua Tiradentes","number":"29","complement":"de 2513 ao fim - lado ímpar","_id":"656b9b062e50a1709ef729fc"}],"audit":[{"registeredBy":{"userId":"65330b9c418402904ec7a7de","userLogin":"sysadmin@qacoders.com"},"registrationDate":"sábado, 02/12/2023, 18:00:54 BRT","_id":"656b9b062e50a1709ef729fd"}],"__v":0},{"_id":"656b9b142e50a1709ef72a00","corporateName":"Panificadora Jota","registerCompany":"88176977492571","responsibleContact":"Jessica Brain","mail":"panificadorajota@yahoo.com","telephone":"796226271761781","serviceDescription":"Entrega do produto","matriz":"Tecidos Leal","status":true,"address":[{"country":"Suécia","zipCode":"42397082","city":"Piracicaba","state":"CE","district":"Vila Andrade","street":"Rua Tavares","number":"7412434","complement":"de 5507 ao fim - lado par","_id":"656b9b142e50a1709ef72a01"}],"audit":[{"registeredBy":{"userId":"65330b9c418402904ec7a7de","userLogin":"sysadmin@qacoders.com"},"registrationDate":"sábado, 02/12/2023, 18:01:08 BRT","_id":"656b9b142e50a1709ef72a02"}],"__v":0},{"_id":"656b9d382e50a1709ef72a05","corporateName":"SS Leal","registerCompany":"36251907469632","responsibleContact":"Eni Alves","mail":"ssleal@outlook.com","telephone":"265436150896199","serviceDescription":"Limpeza dos bicos","matriz":"Piscinas Alves","status":true,"address":[{"country":"Holanda","zipCode":"28596328","city":"Araras","state":"SP","district":"Vila Cruz","street":"Rua Aparecida","number":"5331813316","complement":"de 2369 ao fim - lado ímpar","_id":"656b9d382e50a1709ef72a06"}],"audit":[{"registeredBy":{"userId":"65330b9c418402904ec7a7de","userLogin":"sysadmin@qacoders.com"},"registrationDate":"sábado, 02/12/2023, 18:10:16 BRT","_id":"656b9d382e50a1709ef72a07"}],"__v":0},{"_id":"656b9e582e50a1709ef72a0a","corporateName":"PP Door","registerCompany":"34599600404575","responsibleContact":"Jade Voi","mail":"ppdoor@aol.com","telephone":"477040746661679","serviceDescription":"Conserto da suspensão","matriz":"WW Meyer","status":true,"address":[{"country":"Holanda","zipCode":"73223287","city":"Maringá","state":"CE","district":"Bairro Independência","street":"Rua Flor","number":"6577053","complement":"de 5507 ao fim - lado par","_id":"656b9e582e50a1709ef72a0b"}],"audit":[{"registeredBy":{"userId":"65330b9c418402904ec7a7de","userLogin":"sysadmin@qacoders.com"},"registrationDate":"sábado, 02/12/2023, 18:15:04 BRT","_id":"656b9e582e50a1709ef72a0c"}],"__v":0},{"_id":"656b9edf2e50a1709ef72a0f","corporateName":"Auto Meyer","registerCompany":"43237923486050","responsibleContact":"Maria Joverti","mail":"automeyer@outlook.com","telephone":"273615789276275","serviceDescription":"Troca dos pivôs","matriz":"RR Jota","status":true,"address":[{"country":"Argentina","zipCode":"53783755","city":"Rio Claro","state":"GO","district":"Vila Cruz","street":"Rua Tavares","number":"814158","complement":"de 5036 ao fim - lado ímpar","_id":"656b9edf2e50a1709ef72a10"}],"audit":[{"registeredBy":{"userId":"65330b9c418402904ec7a7de","userLogin":"sysadmin@qacoders.com"},"registrationDate":"sábado, 02/12/2023, 18:17:19 BRT","_id":"656b9edf2e50a1709ef72a11"}],"__v":0},{"_id":"656bb2be2e50a1709ef72a1c","corporateName":"AA ... (set the log level to DEBUG or TRACE to see the full content) 
 </msg>
<msg time="2024-08-09T04:45:11.715256" level="INFO">${response} = &lt;Response [200]&gt;</msg>
<var>${response}</var>
<arg>alias=develop</arg>
<arg>url=/company/?token=${TOKEN}</arg>
<doc>Sends a GET request on a previously created HTTP Session.</doc>
<status status="PASS" start="2024-08-09T04:45:10.873136" elapsed="0.842120"/>
</kw>
<kw name="Set Global Variable" owner="BuiltIn">
<msg time="2024-08-09T04:45:11.746547" level="INFO">${ID} = 656889962e50a1709ef72314</msg>
<arg>${ID}</arg>
<arg>${response.json()[1]}[_id]</arg>
<doc>Makes a variable available globally in all tests and suites.</doc>
<status status="PASS" start="2024-08-09T04:45:11.715256" elapsed="0.031291"/>
</kw>
<kw name="Set Global Variable" owner="BuiltIn">
<msg time="2024-08-09T04:45:11.778208" level="INFO">${NAME} = Teste do Teste2</msg>
<arg>${NAME}</arg>
<arg>${response.json()[1]}[corporateName]</arg>
<doc>Makes a variable available globally in all tests and suites.</doc>
<status status="PASS" start="2024-08-09T04:45:11.746547" elapsed="0.031661"/>
</kw>
<status status="PASS" start="2024-08-09T04:45:10.863112" elapsed="0.915096"/>
</kw>
<status status="PASS" start="2024-08-09T04:45:09.241919" elapsed="2.536289"/>
</kw>
<test id="s1-t1" name="Get Company By ID" line="15">
<kw name="Get company by Company ID">
<kw name="GET On Session" owner="RequestsLibrary">
<msg time="2024-08-09T04:45:11.866865" level="INFO">GET Request : url=https://suits.qacoders-academy.com.br/api/company/656889962e50a1709ef72314?token=eyJhbGciOiJIUzI1NiIsInR5cCI6IkpXVCJ9.eyJfaWQiOiI2NTMzMGI5YzQxODQwMjkwNGVjN2E3ZGUiLCJmdWxsTmFtZSI6IlFhLUNvZGVycy1TWVNBRE1JTiIsIm1haWwiOiJzeXNhZG1pbkBxYWNvZGVycy5jb20iLCJwYXNzd29yZCI6IiQyYiQxMCQ3MFpsYk05RjZvM053RWs2MThtRVh1a3JzN3A3SXIzWS5HaEhicU9nWjJDcnBFZmNvbVIzTyIsImFjY2Vzc1Byb2ZpbGUiOiJTWVNBRE1JTiIsImNwZiI6IjExMTExMTExMTExIiwic3RhdHVzIjp0cnVlLCJhdWRpdCI6W3sicmVnaXN0ZXJlZEJ5Ijp7InVzZXJJZCI6IjExMTExMTExMTExMTExMTExMSIsInVzZXJMb2dpbiI6InN5c2FkbWluQHFhY29kZXJzLmNvbSJ9LCJyZWdpc3RyYXRpb25EYXRlIjoic2V4dGEtZmVpcmEsIDIwLzEwLzIwMjMsIDIwOjIyOjA0IEJSVCIsInJlZ2lzdHJhdGlvbk51bWJlciI6IjAxIiwiY29tcGFueUlkIjoiUWEuQ29kZXJzIiwiX2lkIjoiNjUzMzBiOWM0MTg0MDI5MDRlYzdhN2RmIn1dLCJfX3YiOjAsImlhdCI6MTcyMzE4OTU2NSwiZXhwIjoxNzIzMjc1OTY1fQ.2DCXIyXtCZFVyedy9tHHrQwD7tJa3BMyocHfhvjE9F4 
 path_url=/api/company/656889962e50a1709ef72314?token=eyJhbGciOiJIUzI1NiIsInR5cCI6IkpXVCJ9.eyJfaWQiOiI2NTMzMGI5YzQxODQwMjkwNGVjN2E3ZGUiLCJmdWxsTmFtZSI6IlFhLUNvZGVycy1TWVNBRE1JTiIsIm1haWwiOiJzeXNhZG1pbkBxYWNvZGVycy5jb20iLCJwYXNzd29yZCI6IiQyYiQxMCQ3MFpsYk05RjZvM053RWs2MThtRVh1a3JzN3A3SXIzWS5HaEhicU9nWjJDcnBFZmNvbVIzTyIsImFjY2Vzc1Byb2ZpbGUiOiJTWVNBRE1JTiIsImNwZiI6IjExMTExMTExMTExIiwic3RhdHVzIjp0cnVlLCJhdWRpdCI6W3sicmVnaXN0ZXJlZEJ5Ijp7InVzZXJJZCI6IjExMTExMTExMTExMTExMTExMSIsInVzZXJMb2dpbiI6InN5c2FkbWluQHFhY29kZXJzLmNvbSJ9LCJyZWdpc3RyYXRpb25EYXRlIjoic2V4dGEtZmVpcmEsIDIwLzEwLzIwMjMsIDIwOjIyOjA0IEJSVCIsInJlZ2lzdHJhdGlvbk51bWJlciI6IjAxIiwiY29tcGFueUlkIjoiUWEuQ29kZXJzIiwiX2lkIjoiNjUzMzBiOWM0MTg0MDI5MDRlYzdhN2RmIn1dLCJfX3YiOjAsImlhdCI6MTcyMzE4OTU2NSwiZXhwIjoxNzIzMjc1OTY1fQ.2DCXIyXtCZFVyedy9tHHrQwD7tJa3BMyocHfhvjE9F4 
 headers={'User-Agent': 'python-requests/2.32.3', 'Accept-Encoding': 'gzip, deflate', 'accept': 'application/json', 'Connection': 'keep-alive', 'Content-Type': 'application/json'} 
 body=None 
 </msg>
<msg time="2024-08-09T04:45:11.866865" level="INFO">GET Response : url=https://suits.qacoders-academy.com.br/api/company/656889962e50a1709ef72314?token=eyJhbGciOiJIUzI1NiIsInR5cCI6IkpXVCJ9.eyJfaWQiOiI2NTMzMGI5YzQxODQwMjkwNGVjN2E3ZGUiLCJmdWxsTmFtZSI6IlFhLUNvZGVycy1TWVNBRE1JTiIsIm1haWwiOiJzeXNhZG1pbkBxYWNvZGVycy5jb20iLCJwYXNzd29yZCI6IiQyYiQxMCQ3MFpsYk05RjZvM053RWs2MThtRVh1a3JzN3A3SXIzWS5HaEhicU9nWjJDcnBFZmNvbVIzTyIsImFjY2Vzc1Byb2ZpbGUiOiJTWVNBRE1JTiIsImNwZiI6IjExMTExMTExMTExIiwic3RhdHVzIjp0cnVlLCJhdWRpdCI6W3sicmVnaXN0ZXJlZEJ5Ijp7InVzZXJJZCI6IjExMTExMTExMTExMTExMTExMSIsInVzZXJMb2dpbiI6InN5c2FkbWluQHFhY29kZXJzLmNvbSJ9LCJyZWdpc3RyYXRpb25EYXRlIjoic2V4dGEtZmVpcmEsIDIwLzEwLzIwMjMsIDIwOjIyOjA0IEJSVCIsInJlZ2lzdHJhdGlvbk51bWJlciI6IjAxIiwiY29tcGFueUlkIjoiUWEuQ29kZXJzIiwiX2lkIjoiNjUzMzBiOWM0MTg0MDI5MDRlYzdhN2RmIn1dLCJfX3YiOjAsImlhdCI6MTcyMzE4OTU2NSwiZXhwIjoxNzIzMjc1OTY1fQ.2DCXIyXtCZFVyedy9tHHrQwD7tJa3BMyocHfhvjE9F4 
 status=200, reason=OK 
 headers={'Server': 'nginx/1.18.0 (Ubuntu)', 'Date': 'Fri, 09 Aug 2024 07:46:07 GMT', 'Content-Type': 'application/json; charset=utf-8', 'Transfer-Encoding': 'chunked', 'Connection': 'keep-alive', 'X-Powered-By': 'Express', 'Access-Control-Allow-Origin': '*', 'Access-Control-Allow-Methods': 'GET, POST, OPTIONS, PUT, PATCH, DELETE', 'Access-Control-Allow-Headers': 'Origin, X-Requested-With, Content-Type, Accept, Authorization', 'ETag': 'W/"2ac-yBSnPZ/dTOUd1B5ZDw09tIHiRNw"', 'Content-Encoding': 'gzip'} 
 body={"_id":"656889962e50a1709ef72314","corporateName":"Teste do Teste2","registerCompany":"12126456000156","responsibleContact":"Marcio","mail":"test@test.com","telephone":"99999999999999","serviceDescription":"Testes","matriz":"Teste","status":true,"address":[{"country":"Brasil","zipCode":"04777001","city":"São Paulo","state":"SP","district":"Rua das Flores","street":"Avenida Interlagos","number":"50","complement":"de 4503 ao fim - lado ímpar","_id":"656889962e50a1709ef72315"}],"audit":[{"registeredBy":{"userId":"65330b9c418402904ec7a7de","userLogin":"sysadmin@qacoders.com"},"registrationDate":"quinta-feira, 30/11/2023, 10:09:42 BRT","_id":"656889962e50a1709ef72316"}],"__v":0} 
 </msg>
<msg time="2024-08-09T04:45:11.866865" level="INFO">${response} = &lt;Response [200]&gt;</msg>
<var>${response}</var>
<arg>alias=develop</arg>
<arg>url=company/${ID}?token=${TOKEN}</arg>
<doc>Sends a GET request on a previously created HTTP Session.</doc>
<status status="PASS" start="2024-08-09T04:45:11.778208" elapsed="0.088657"/>
</kw>
<kw name="Status Should Be" owner="RequestsLibrary">
<arg>200</arg>
<doc>Fails if response status code is different than the expected.</doc>
<status status="PASS" start="2024-08-09T04:45:11.866865" elapsed="0.000000"/>
</kw>
<kw name="Should Be Equal" owner="BuiltIn">
<arg>${NAME}</arg>
<arg>${response.json()["corporateName"]}</arg>
<doc>Fails if the given objects are unequal.</doc>
<status status="PASS" start="2024-08-09T04:45:11.866865" elapsed="0.000000"/>
</kw>
<status status="PASS" start="2024-08-09T04:45:11.778208" elapsed="0.088657"/>
</kw>
<status status="PASS" start="2024-08-09T04:45:11.778208" elapsed="0.088657"/>
</test>
<doc>Teste para consultar empresa buscando pelo ID</doc>
<status status="PASS" start="2024-08-09T04:45:05.916820" elapsed="5.959546"/>
</suite>
<statistics>
<total>
<stat pass="1" fail="0" skip="0">All Tests</stat>
</total>
<tag>
</tag>
<suite>
<stat pass="1" fail="0" skip="0" id="s1" name="GET EMPRESA">GET EMPRESA</stat>
</suite>
</statistics>
<errors>
</errors>
</robot>
